# Logfile created on 2013-12-27 16:53:42 -0800 by logger.rb/36483
I, [2013-12-27T16:53:42.786001 #37226]  INFO -- : 0:  RedCloth (4.2.9) from /Users/melissahuang10/.rvm/gems/ruby-2.0.0-p247/specifications/RedCloth-4.2.9.gemspec
I, [2013-12-27T16:53:42.788812 #37226]  INFO -- : 0:  blankslate (2.1.2.4) from /Users/melissahuang10/.rvm/gems/ruby-2.0.0-p247/specifications/blankslate-2.1.2.4.gemspec
I, [2013-12-27T16:53:42.789338 #37226]  INFO -- : 0:  fast-stemmer (1.0.2) from /Users/melissahuang10/.rvm/gems/ruby-2.0.0-p247/specifications/fast-stemmer-1.0.2.gemspec
I, [2013-12-27T16:53:42.789693 #37226]  INFO -- : 0:  classifier (1.3.3) from /Users/melissahuang10/.rvm/gems/ruby-2.0.0-p247/specifications/classifier-1.3.3.gemspec
I, [2013-12-27T16:53:42.790047 #37226]  INFO -- : 0:  colorator (0.1) from /Users/melissahuang10/.rvm/gems/ruby-2.0.0-p247/specifications/colorator-0.1.gemspec
I, [2013-12-27T16:53:42.790403 #37226]  INFO -- : 0:  highline (1.6.20) from /Users/melissahuang10/.rvm/gems/ruby-2.0.0-p247/specifications/highline-1.6.20.gemspec
I, [2013-12-27T16:53:42.790922 #37226]  INFO -- : 0:  commander (4.1.5) from /Users/melissahuang10/.rvm/gems/ruby-2.0.0-p247/specifications/commander-4.1.5.gemspec
I, [2013-12-27T16:53:42.792605 #37226]  INFO -- : 0:  ffi (1.9.3) from /Users/melissahuang10/.rvm/gems/ruby-2.0.0-p247/specifications/ffi-1.9.3.gemspec
I, [2013-12-27T16:53:42.792983 #37226]  INFO -- : 0:  liquid (2.5.4) from /Users/melissahuang10/.rvm/gems/ruby-2.0.0-p247/specifications/liquid-2.5.4.gemspec
I, [2013-12-27T16:53:42.793323 #37226]  INFO -- : 0:  rb-fsevent (0.9.3) from /Users/melissahuang10/.rvm/gems/ruby-2.0.0-p247/specifications/rb-fsevent-0.9.3.gemspec
I, [2013-12-27T16:53:42.793671 #37226]  INFO -- : 0:  rb-inotify (0.9.3) from /Users/melissahuang10/.rvm/gems/ruby-2.0.0-p247/specifications/rb-inotify-0.9.3.gemspec
I, [2013-12-27T16:53:42.794020 #37226]  INFO -- : 0:  rb-kqueue (0.2.0) from /Users/melissahuang10/.rvm/gems/ruby-2.0.0-p247/specifications/rb-kqueue-0.2.0.gemspec
I, [2013-12-27T16:53:42.794372 #37226]  INFO -- : 0:  listen (1.3.1) from /Users/melissahuang10/.rvm/gems/ruby-2.0.0-p247/specifications/listen-1.3.1.gemspec
I, [2013-12-27T16:53:42.794723 #37226]  INFO -- : 0:  maruku (0.7.0) from /Users/melissahuang10/.rvm/gems/ruby-2.0.0-p247/specifications/maruku-0.7.0.gemspec
I, [2013-12-27T16:53:42.795076 #37226]  INFO -- : 0:  posix-spawn (0.3.8) from /Users/melissahuang10/.rvm/gems/ruby-2.0.0-p247/specifications/posix-spawn-0.3.8.gemspec
I, [2013-12-27T16:53:42.795428 #37226]  INFO -- : 0:  yajl-ruby (1.1.0) from /Users/melissahuang10/.rvm/gems/ruby-2.0.0-p247/specifications/yajl-ruby-1.1.0.gemspec
I, [2013-12-27T16:53:42.795766 #37226]  INFO -- : 0:  pygments.rb (0.5.4) from /Users/melissahuang10/.rvm/gems/ruby-2.0.0-p247/specifications/pygments.rb-0.5.4.gemspec
I, [2013-12-27T16:53:42.796290 #37226]  INFO -- : 0:  redcarpet (2.3.0) from /Users/melissahuang10/.rvm/gems/ruby-2.0.0-p247/specifications/redcarpet-2.3.0.gemspec
I, [2013-12-27T16:53:42.796646 #37226]  INFO -- : 0:  safe_yaml (0.9.7) from /Users/melissahuang10/.rvm/gems/ruby-2.0.0-p247/specifications/safe_yaml-0.9.7.gemspec
I, [2013-12-27T16:53:42.797926 #37226]  INFO -- : 0:  parslet (1.5.0) from /Users/melissahuang10/.rvm/gems/ruby-2.0.0-p247/specifications/parslet-1.5.0.gemspec
I, [2013-12-27T16:53:42.798358 #37226]  INFO -- : 0:  toml (0.1.0) from /Users/melissahuang10/.rvm/gems/ruby-2.0.0-p247/specifications/toml-0.1.0.gemspec
I, [2013-12-27T16:53:42.798722 #37226]  INFO -- : 0:  jekyll (1.4.2) from /Users/melissahuang10/.rvm/gems/ruby-2.0.0-p247/specifications/jekyll-1.4.2.gemspec
I, [2013-12-27T16:53:42.799083 #37226]  INFO -- : 0:  kramdown (1.2.0) from /Users/melissahuang10/.rvm/gems/ruby-2.0.0-p247/specifications/kramdown-1.2.0.gemspec
I, [2013-12-27T16:53:42.799451 #37226]  INFO -- : 0:  rdiscount (2.1.7) from /Users/melissahuang10/.rvm/gems/ruby-2.0.0-p247/specifications/rdiscount-2.1.7.gemspec
I, [2013-12-27T16:53:42.799824 #37226]  INFO -- : 0:  github-pages (12) from /Users/melissahuang10/.rvm/gems/ruby-2.0.0-p247/specifications/github-pages-12.gemspec
I, [2013-12-27T16:53:42.800211 #37226]  INFO -- : 0:  bundler (1.5.0) from /Users/melissahuang10/.rvm/gems/ruby-2.0.0-p247/specifications/bundler-1.5.0.gemspec
